{
    "Location": "London, United Kingdom",
    "Local Time": "2025-02-20 19:57",
    "Time of observation": "07:57 PM",
    "Daytime?": "no",
    "Feels like": 11,
    "Temperature": 13,
    "Uv index": 0,
    "Weather Description": [
        "Light Drizzle"
    ]
}
{
    "Location": "London, United Kingdom",
    "Local Time": "2025-02-20 19:57",
    "Time of observation": "07:57 PM",
    "Daytime?": "no",
    "Feels like": 11,
    "Temperature": 13,
    "Uv index": 0,
    "Weather Description": [
        "Light Drizzle"
    ]
}
